
> frontend@0.1.0 start
> react-scripts start

(node:596341) [DEP_WEBPACK_DEV_SERVER_ON_AFTER_SETUP_MIDDLEWARE] DeprecationWarning: 'onAfterSetupMiddleware' option is deprecated. Please use the 'setupMiddlewares' option.
(Use `node --trace-deprecation ...` to show where the warning was created)
(node:596341) [DEP_WEBPACK_DEV_SERVER_ON_BEFORE_SETUP_MIDDLEWARE] DeprecationWarning: 'onBeforeSetupMiddleware' option is deprecated. Please use the 'setupMiddlewares' option.
Starting the development server...

Compiled successfully!

You can now view frontend in the browser.

  Local:            http://localhost:3000
  On Your Network:  http://192.168.0.2:3000

Note that the development build is not optimized.
To create a production build, use npm run build.

webpack compiled successfully
Compiling...
Compiled with warnings.

[eslint]
src/pages/VideoMeet.jsx
  Line 71:8:   React Hook useEffect has a missing dependency: 'getPermissions'. Either include it or remove the dependency array  react-hooks/exhaustive-deps
  Line 132:8:  React Hook useEffect has a missing dependency: 'getUserMedia'. Either include it or remove the dependency array    react-hooks/exhaustive-deps
  Line 408:8:  React Hook useEffect has a missing dependency: 'getDislayMedia'. Either include it or remove the dependency array  react-hooks/exhaustive-deps
  Line 421:9:  'openChat' is assigned a value but never used                                                                      no-unused-vars
  Line 425:9:  'closeChat' is assigned a value but never used                                                                     no-unused-vars
  Line 428:9:  'handleMessage' is assigned a value but never used                                                                 no-unused-vars

Search for the keywords to learn more about each warning.
To ignore, add // eslint-disable-next-line to the line before.

WARNING in [eslint]
src/pages/VideoMeet.jsx
  Line 71:8:   React Hook useEffect has a missing dependency: 'getPermissions'. Either include it or remove the dependency array  react-hooks/exhaustive-deps
  Line 132:8:  React Hook useEffect has a missing dependency: 'getUserMedia'. Either include it or remove the dependency array    react-hooks/exhaustive-deps
  Line 408:8:  React Hook useEffect has a missing dependency: 'getDislayMedia'. Either include it or remove the dependency array  react-hooks/exhaustive-deps
  Line 421:9:  'openChat' is assigned a value but never used                                                                      no-unused-vars
  Line 425:9:  'closeChat' is assigned a value but never used                                                                     no-unused-vars
  Line 428:9:  'handleMessage' is assigned a value but never used                                                                 no-unused-vars

webpack compiled with 1 warning
